0 info it worked if it ends with ok
1 verbose cli [ '/usr/local/Cellar/node/7.6.0/bin/node',
1 verbose cli   '/usr/local/bin/npm',
1 verbose cli   'run',
1 verbose cli   'startPlus' ]
2 info using npm@4.1.2
3 info using node@v7.6.0
4 verbose run-script [ 'prestartPlus', 'startPlus', 'poststartPlus' ]
5 info lifecycle angular7-study@0.0.0~prestartPlus: angular7-study@0.0.0
6 silly lifecycle angular7-study@0.0.0~prestartPlus: no script for prestartPlus, continuing
7 info lifecycle angular7-study@0.0.0~startPlus: angular7-study@0.0.0
8 verbose lifecycle angular7-study@0.0.0~startPlus: unsafe-perm in lifecycle true
9 verbose lifecycle angular7-study@0.0.0~startPlus: PATH: /usr/local/lib/node_modules/npm/bin/node-gyp-bin:/Users/seven/seven/angular/angular-build-ng/node_modules/.bin:/usr/local/bin:/usr/bin:/bin:/usr/sbin:/sbin:/usr/local/share/dotnet:~/.dotnet/tools:/Library/Frameworks/Mono.framework/Versions/Current/Commands:/Applications/Xamarin Workbooks.app/Contents/SharedSupport/path-bin:/Users/seven/Library/Android/sdk/tools:/Users/seven/Library/Android/sdk/platform-tools
10 verbose lifecycle angular7-study@0.0.0~startPlus: CWD: /Users/seven/seven/angular/angular-build-ng
11 silly lifecycle angular7-study@0.0.0~startPlus: Args: [ '-c', 'ng serve --extra-webpack-config webpack.externals.js' ]
12 silly lifecycle angular7-study@0.0.0~startPlus: Returned: code: 3  signal: null
13 info lifecycle angular7-study@0.0.0~startPlus: Failed to exec startPlus script
14 verbose stack Error: angular7-study@0.0.0 startPlus: `ng serve --extra-webpack-config webpack.externals.js`
14 verbose stack Exit status 3
14 verbose stack     at EventEmitter.<anonymous> (/usr/local/lib/node_modules/npm/lib/utils/lifecycle.js:279:16)
14 verbose stack     at emitTwo (events.js:106:13)
14 verbose stack     at EventEmitter.emit (events.js:192:7)
14 verbose stack     at ChildProcess.<anonymous> (/usr/local/lib/node_modules/npm/lib/utils/spawn.js:40:14)
14 verbose stack     at emitTwo (events.js:106:13)
14 verbose stack     at ChildProcess.emit (events.js:192:7)
14 verbose stack     at maybeClose (internal/child_process.js:890:16)
14 verbose stack     at Process.ChildProcess._handle.onexit (internal/child_process.js:226:5)
15 verbose pkgid angular7-study@0.0.0
16 verbose cwd /Users/seven/seven/angular/angular-build-ng
17 error Darwin 18.2.0
18 error argv "/usr/local/Cellar/node/7.6.0/bin/node" "/usr/local/bin/npm" "run" "startPlus"
19 error node v7.6.0
20 error npm  v4.1.2
21 error code ELIFECYCLE
22 error angular7-study@0.0.0 startPlus: `ng serve --extra-webpack-config webpack.externals.js`
22 error Exit status 3
23 error Failed at the angular7-study@0.0.0 startPlus script 'ng serve --extra-webpack-config webpack.externals.js'.
23 error Make sure you have the latest version of node.js and npm installed.
23 error If you do, this is most likely a problem with the angular7-study package,
23 error not with npm itself.
23 error Tell the author that this fails on your system:
23 error     ng serve --extra-webpack-config webpack.externals.js
23 error You can get information on how to open an issue for this project with:
23 error     npm bugs angular7-study
23 error Or if that isn't available, you can get their info via:
23 error     npm owner ls angular7-study
23 error There is likely additional logging output above.
24 verbose exit [ 1, true ]
